Symlinking /Users/stanley/Documents/COURSE/PROGRAMME/C_Family/Robotics_MIT/Labs/Lab3/src/catkin_ws/devel/include/mav_state_machine_msgs/RunTaskService.h
Symlinking /Users/stanley/Documents/COURSE/PROGRAMME/C_Family/Robotics_MIT/Labs/Lab3/src/catkin_ws/devel/include/mav_state_machine_msgs/RunTaskServiceResponse.h
Symlinking /Users/stanley/Documents/COURSE/PROGRAMME/C_Family/Robotics_MIT/Labs/Lab3/src/catkin_ws/devel/include/mav_state_machine_msgs/RunTaskServiceRequest.h
Symlinking /Users/stanley/Documents/COURSE/PROGRAMME/C_Family/Robotics_MIT/Labs/Lab3/src/catkin_ws/devel/include/mav_state_machine_msgs/StartStopTask.h
Symlinking /Users/stanley/Documents/COURSE/PROGRAMME/C_Family/Robotics_MIT/Labs/Lab3/src/catkin_ws/devel/lib/pkgconfig/mav_state_machine_msgs.pc
Symlinking /Users/stanley/Documents/COURSE/PROGRAMME/C_Family/Robotics_MIT/Labs/Lab3/src/catkin_ws/devel/lib/python3.9/site-packages/mav_state_machine_msgs/__init__.py
Symlinking /Users/stanley/Documents/COURSE/PROGRAMME/C_Family/Robotics_MIT/Labs/Lab3/src/catkin_ws/devel/lib/python3.9/site-packages/mav_state_machine_msgs/msg/_StartStopTask.py
Symlinking /Users/stanley/Documents/COURSE/PROGRAMME/C_Family/Robotics_MIT/Labs/Lab3/src/catkin_ws/devel/lib/python3.9/site-packages/mav_state_machine_msgs/msg/__init__.py
Symlinking /Users/stanley/Documents/COURSE/PROGRAMME/C_Family/Robotics_MIT/Labs/Lab3/src/catkin_ws/devel/lib/python3.9/site-packages/mav_state_machine_msgs/srv/__init__.py
Symlinking /Users/stanley/Documents/COURSE/PROGRAMME/C_Family/Robotics_MIT/Labs/Lab3/src/catkin_ws/devel/lib/python3.9/site-packages/mav_state_machine_msgs/srv/_RunTaskService.py
Symlinking /Users/stanley/Documents/COURSE/PROGRAMME/C_Family/Robotics_MIT/Labs/Lab3/src/catkin_ws/devel/share/roseus/ros/mav_state_machine_msgs/manifest.l
Symlinking /Users/stanley/Documents/COURSE/PROGRAMME/C_Family/Robotics_MIT/Labs/Lab3/src/catkin_ws/devel/share/roseus/ros/mav_state_machine_msgs/msg/StartStopTask.l
Symlinking /Users/stanley/Documents/COURSE/PROGRAMME/C_Family/Robotics_MIT/Labs/Lab3/src/catkin_ws/devel/share/roseus/ros/mav_state_machine_msgs/srv/RunTaskService.l
Symlinking /Users/stanley/Documents/COURSE/PROGRAMME/C_Family/Robotics_MIT/Labs/Lab3/src/catkin_ws/devel/share/mav_state_machine_msgs/cmake/mav_state_machine_msgsConfig-version.cmake
Symlinking /Users/stanley/Documents/COURSE/PROGRAMME/C_Family/Robotics_MIT/Labs/Lab3/src/catkin_ws/devel/share/mav_state_machine_msgs/cmake/mav_state_machine_msgsConfig.cmake
Symlinking /Users/stanley/Documents/COURSE/PROGRAMME/C_Family/Robotics_MIT/Labs/Lab3/src/catkin_ws/devel/share/mav_state_machine_msgs/cmake/mav_state_machine_msgs-msg-paths.cmake
Symlinking /Users/stanley/Documents/COURSE/PROGRAMME/C_Family/Robotics_MIT/Labs/Lab3/src/catkin_ws/devel/share/mav_state_machine_msgs/cmake/mav_state_machine_msgs-msg-extras.cmake
Symlinking /Users/stanley/Documents/COURSE/PROGRAMME/C_Family/Robotics_MIT/Labs/Lab3/src/catkin_ws/devel/share/common-lisp/ros/mav_state_machine_msgs/msg/_package_StartStopTask.lisp
Symlinking /Users/stanley/Documents/COURSE/PROGRAMME/C_Family/Robotics_MIT/Labs/Lab3/src/catkin_ws/devel/share/common-lisp/ros/mav_state_machine_msgs/msg/mav_state_machine_msgs-msg.asd
Symlinking /Users/stanley/Documents/COURSE/PROGRAMME/C_Family/Robotics_MIT/Labs/Lab3/src/catkin_ws/devel/share/common-lisp/ros/mav_state_machine_msgs/msg/_package.lisp
Symlinking /Users/stanley/Documents/COURSE/PROGRAMME/C_Family/Robotics_MIT/Labs/Lab3/src/catkin_ws/devel/share/common-lisp/ros/mav_state_machine_msgs/msg/StartStopTask.lisp
Symlinking /Users/stanley/Documents/COURSE/PROGRAMME/C_Family/Robotics_MIT/Labs/Lab3/src/catkin_ws/devel/share/common-lisp/ros/mav_state_machine_msgs/srv/RunTaskService.lisp
Symlinking /Users/stanley/Documents/COURSE/PROGRAMME/C_Family/Robotics_MIT/Labs/Lab3/src/catkin_ws/devel/share/common-lisp/ros/mav_state_machine_msgs/srv/mav_state_machine_msgs-srv.asd
Symlinking /Users/stanley/Documents/COURSE/PROGRAMME/C_Family/Robotics_MIT/Labs/Lab3/src/catkin_ws/devel/share/common-lisp/ros/mav_state_machine_msgs/srv/_package.lisp
Symlinking /Users/stanley/Documents/COURSE/PROGRAMME/C_Family/Robotics_MIT/Labs/Lab3/src/catkin_ws/devel/share/common-lisp/ros/mav_state_machine_msgs/srv/_package_RunTaskService.lisp
Symlinking /Users/stanley/Documents/COURSE/PROGRAMME/C_Family/Robotics_MIT/Labs/Lab3/src/catkin_ws/devel/share/gennodejs/ros/mav_state_machine_msgs/_index.js
Symlinking /Users/stanley/Documents/COURSE/PROGRAMME/C_Family/Robotics_MIT/Labs/Lab3/src/catkin_ws/devel/share/gennodejs/ros/mav_state_machine_msgs/msg/_index.js
Symlinking /Users/stanley/Documents/COURSE/PROGRAMME/C_Family/Robotics_MIT/Labs/Lab3/src/catkin_ws/devel/share/gennodejs/ros/mav_state_machine_msgs/msg/StartStopTask.js
Symlinking /Users/stanley/Documents/COURSE/PROGRAMME/C_Family/Robotics_MIT/Labs/Lab3/src/catkin_ws/devel/share/gennodejs/ros/mav_state_machine_msgs/srv/_index.js
Symlinking /Users/stanley/Documents/COURSE/PROGRAMME/C_Family/Robotics_MIT/Labs/Lab3/src/catkin_ws/devel/share/gennodejs/ros/mav_state_machine_msgs/srv/RunTaskService.js
