[  0%] Built target std_msgs_generate_messages_eus
[  0%] Built target std_msgs_generate_messages_cpp
[  0%] Built target std_msgs_generate_messages_lisp
[  0%] Built target std_msgs_generate_messages_py
[  0%] Built target _ackermann_msgs_generate_messages_check_deps_AckermannDrive
[  0%] Built target std_msgs_generate_messages_nodejs
[  0%] Built target _ackermann_msgs_generate_messages_check_deps_AckermannDriveStamped
[  8%] [34m[1mGenerating EusLisp code from ackermann_msgs/AckermannDrive.msg[0m
[ 16%] [34m[1mGenerating Javascript code from ackermann_msgs/AckermannDrive.msg[0m
[ 25%] [34m[1mGenerating Python from MSG ackermann_msgs/AckermannDriveStamped[0m
[ 33%] [34m[1mGenerating Python from MSG ackermann_msgs/AckermannDrive[0m
[ 41%] [34m[1mGenerating Lisp code from ackermann_msgs/AckermannDrive.msg[0m
[ 50%] [34m[1mGenerating C++ code from ackermann_msgs/AckermannDrive.msg[0m
[ 58%] [34m[1mGenerating Javascript code from ackermann_msgs/AckermannDriveStamped.msg[0m
[ 66%] [34m[1mGenerating Lisp code from ackermann_msgs/AckermannDriveStamped.msg[0m
[ 75%] [34m[1mGenerating EusLisp code from ackermann_msgs/AckermannDriveStamped.msg[0m
[ 83%] [34m[1mGenerating C++ code from ackermann_msgs/AckermannDriveStamped.msg[0m
[ 83%] Built target ackermann_msgs_generate_messages_nodejs
[ 83%] Built target ackermann_msgs_generate_messages_lisp
[ 91%] [34m[1mGenerating EusLisp manifest code for ackermann_msgs[0m
[100%] [34m[1mGenerating Python msg __init__.py for ackermann_msgs[0m
[100%] Built target ackermann_msgs_generate_messages_cpp
[100%] Built target ackermann_msgs_generate_messages_py
[100%] Built target ackermann_msgs_generate_messages_eus
[100%] Built target ackermann_msgs_generate_messages
