Symlinking /Users/stanley/Documents/COURSE/PROGRAMME/C_Family/Robotics_MIT/Labs/Lab3/src/catkin_ws/devel/include/ackermann_msgs/AckermannDrive.h
Symlinking /Users/stanley/Documents/COURSE/PROGRAMME/C_Family/Robotics_MIT/Labs/Lab3/src/catkin_ws/devel/include/ackermann_msgs/AckermannDriveStamped.h
Symlinking /Users/stanley/Documents/COURSE/PROGRAMME/C_Family/Robotics_MIT/Labs/Lab3/src/catkin_ws/devel/lib/pkgconfig/ackermann_msgs.pc
Symlinking /Users/stanley/Documents/COURSE/PROGRAMME/C_Family/Robotics_MIT/Labs/Lab3/src/catkin_ws/devel/lib/python3.9/site-packages/ackermann_msgs/__init__.py
Symlinking /Users/stanley/Documents/COURSE/PROGRAMME/C_Family/Robotics_MIT/Labs/Lab3/src/catkin_ws/devel/lib/python3.9/site-packages/ackermann_msgs/msg/_AckermannDriveStamped.py
Symlinking /Users/stanley/Documents/COURSE/PROGRAMME/C_Family/Robotics_MIT/Labs/Lab3/src/catkin_ws/devel/lib/python3.9/site-packages/ackermann_msgs/msg/__init__.py
Symlinking /Users/stanley/Documents/COURSE/PROGRAMME/C_Family/Robotics_MIT/Labs/Lab3/src/catkin_ws/devel/lib/python3.9/site-packages/ackermann_msgs/msg/_AckermannDrive.py
Symlinking /Users/stanley/Documents/COURSE/PROGRAMME/C_Family/Robotics_MIT/Labs/Lab3/src/catkin_ws/devel/share/roseus/ros/ackermann_msgs/manifest.l
Symlinking /Users/stanley/Documents/COURSE/PROGRAMME/C_Family/Robotics_MIT/Labs/Lab3/src/catkin_ws/devel/share/roseus/ros/ackermann_msgs/msg/AckermannDrive.l
Symlinking /Users/stanley/Documents/COURSE/PROGRAMME/C_Family/Robotics_MIT/Labs/Lab3/src/catkin_ws/devel/share/roseus/ros/ackermann_msgs/msg/AckermannDriveStamped.l
Symlinking /Users/stanley/Documents/COURSE/PROGRAMME/C_Family/Robotics_MIT/Labs/Lab3/src/catkin_ws/devel/share/ackermann_msgs/cmake/ackermann_msgs-msg-paths.cmake
Symlinking /Users/stanley/Documents/COURSE/PROGRAMME/C_Family/Robotics_MIT/Labs/Lab3/src/catkin_ws/devel/share/ackermann_msgs/cmake/ackermann_msgsConfig-version.cmake
Symlinking /Users/stanley/Documents/COURSE/PROGRAMME/C_Family/Robotics_MIT/Labs/Lab3/src/catkin_ws/devel/share/ackermann_msgs/cmake/ackermann_msgs-msg-extras.cmake
Symlinking /Users/stanley/Documents/COURSE/PROGRAMME/C_Family/Robotics_MIT/Labs/Lab3/src/catkin_ws/devel/share/ackermann_msgs/cmake/ackermann_msgsConfig.cmake
Symlinking /Users/stanley/Documents/COURSE/PROGRAMME/C_Family/Robotics_MIT/Labs/Lab3/src/catkin_ws/devel/share/common-lisp/ros/ackermann_msgs/msg/_package_AckermannDriveStamped.lisp
Symlinking /Users/stanley/Documents/COURSE/PROGRAMME/C_Family/Robotics_MIT/Labs/Lab3/src/catkin_ws/devel/share/common-lisp/ros/ackermann_msgs/msg/_package_AckermannDrive.lisp
Symlinking /Users/stanley/Documents/COURSE/PROGRAMME/C_Family/Robotics_MIT/Labs/Lab3/src/catkin_ws/devel/share/common-lisp/ros/ackermann_msgs/msg/_package.lisp
Symlinking /Users/stanley/Documents/COURSE/PROGRAMME/C_Family/Robotics_MIT/Labs/Lab3/src/catkin_ws/devel/share/common-lisp/ros/ackermann_msgs/msg/ackermann_msgs-msg.asd
Symlinking /Users/stanley/Documents/COURSE/PROGRAMME/C_Family/Robotics_MIT/Labs/Lab3/src/catkin_ws/devel/share/common-lisp/ros/ackermann_msgs/msg/AckermannDrive.lisp
Symlinking /Users/stanley/Documents/COURSE/PROGRAMME/C_Family/Robotics_MIT/Labs/Lab3/src/catkin_ws/devel/share/common-lisp/ros/ackermann_msgs/msg/AckermannDriveStamped.lisp
Symlinking /Users/stanley/Documents/COURSE/PROGRAMME/C_Family/Robotics_MIT/Labs/Lab3/src/catkin_ws/devel/share/gennodejs/ros/ackermann_msgs/_index.js
Symlinking /Users/stanley/Documents/COURSE/PROGRAMME/C_Family/Robotics_MIT/Labs/Lab3/src/catkin_ws/devel/share/gennodejs/ros/ackermann_msgs/msg/_index.js
Symlinking /Users/stanley/Documents/COURSE/PROGRAMME/C_Family/Robotics_MIT/Labs/Lab3/src/catkin_ws/devel/share/gennodejs/ros/ackermann_msgs/msg/AckermannDriveStamped.js
Symlinking /Users/stanley/Documents/COURSE/PROGRAMME/C_Family/Robotics_MIT/Labs/Lab3/src/catkin_ws/devel/share/gennodejs/ros/ackermann_msgs/msg/AckermannDrive.js
