Symlinking /Users/stanley/Documents/COURSE/PROGRAMME/C_Family/Robotics_MIT/Labs/Lab3/src/catkin_ws/devel/include/tesse_ros_bridge/RepositionRequestServiceResponse.h
Symlinking /Users/stanley/Documents/COURSE/PROGRAMME/C_Family/Robotics_MIT/Labs/Lab3/src/catkin_ws/devel/include/tesse_ros_bridge/RepositionRequestService.h
Symlinking /Users/stanley/Documents/COURSE/PROGRAMME/C_Family/Robotics_MIT/Labs/Lab3/src/catkin_ws/devel/include/tesse_ros_bridge/ObjectSpawnRequestServiceResponse.h
Symlinking /Users/stanley/Documents/COURSE/PROGRAMME/C_Family/Robotics_MIT/Labs/Lab3/src/catkin_ws/devel/include/tesse_ros_bridge/ObjectSpawnRequestService.h
Symlinking /Users/stanley/Documents/COURSE/PROGRAMME/C_Family/Robotics_MIT/Labs/Lab3/src/catkin_ws/devel/include/tesse_ros_bridge/CollisionStats.h
Symlinking /Users/stanley/Documents/COURSE/PROGRAMME/C_Family/Robotics_MIT/Labs/Lab3/src/catkin_ws/devel/include/tesse_ros_bridge/SceneRequestService.h
Symlinking /Users/stanley/Documents/COURSE/PROGRAMME/C_Family/Robotics_MIT/Labs/Lab3/src/catkin_ws/devel/include/tesse_ros_bridge/SceneRequestServiceResponse.h
Symlinking /Users/stanley/Documents/COURSE/PROGRAMME/C_Family/Robotics_MIT/Labs/Lab3/src/catkin_ws/devel/include/tesse_ros_bridge/SceneRequestServiceRequest.h
Symlinking /Users/stanley/Documents/COURSE/PROGRAMME/C_Family/Robotics_MIT/Labs/Lab3/src/catkin_ws/devel/include/tesse_ros_bridge/RepositionRequestServiceRequest.h
Symlinking /Users/stanley/Documents/COURSE/PROGRAMME/C_Family/Robotics_MIT/Labs/Lab3/src/catkin_ws/devel/include/tesse_ros_bridge/ObjectSpawnRequestServiceRequest.h
Symlinking /Users/stanley/Documents/COURSE/PROGRAMME/C_Family/Robotics_MIT/Labs/Lab3/src/catkin_ws/devel/lib/pkgconfig/tesse_ros_bridge.pc
Symlinking /Users/stanley/Documents/COURSE/PROGRAMME/C_Family/Robotics_MIT/Labs/Lab3/src/catkin_ws/devel/lib/python3.9/site-packages/key_teleop/__init__.py
Symlinking /Users/stanley/Documents/COURSE/PROGRAMME/C_Family/Robotics_MIT/Labs/Lab3/src/catkin_ws/devel/lib/python3.9/site-packages/tesse_ros_bridge/__init__.py
Symlinking /Users/stanley/Documents/COURSE/PROGRAMME/C_Family/Robotics_MIT/Labs/Lab3/src/catkin_ws/devel/lib/python3.9/site-packages/tesse_ros_bridge/msg/__init__.py
Symlinking /Users/stanley/Documents/COURSE/PROGRAMME/C_Family/Robotics_MIT/Labs/Lab3/src/catkin_ws/devel/lib/python3.9/site-packages/tesse_ros_bridge/msg/_CollisionStats.py
Symlinking /Users/stanley/Documents/COURSE/PROGRAMME/C_Family/Robotics_MIT/Labs/Lab3/src/catkin_ws/devel/lib/python3.9/site-packages/tesse_ros_bridge/srv/__init__.py
Symlinking /Users/stanley/Documents/COURSE/PROGRAMME/C_Family/Robotics_MIT/Labs/Lab3/src/catkin_ws/devel/lib/python3.9/site-packages/tesse_ros_bridge/srv/_SceneRequestService.py
Symlinking /Users/stanley/Documents/COURSE/PROGRAMME/C_Family/Robotics_MIT/Labs/Lab3/src/catkin_ws/devel/lib/python3.9/site-packages/tesse_ros_bridge/srv/_ObjectSpawnRequestService.py
Symlinking /Users/stanley/Documents/COURSE/PROGRAMME/C_Family/Robotics_MIT/Labs/Lab3/src/catkin_ws/devel/lib/python3.9/site-packages/tesse_ros_bridge/srv/_RepositionRequestService.py
Symlinking /Users/stanley/Documents/COURSE/PROGRAMME/C_Family/Robotics_MIT/Labs/Lab3/src/catkin_ws/devel/share/roseus/ros/tesse_ros_bridge/manifest.l
Symlinking /Users/stanley/Documents/COURSE/PROGRAMME/C_Family/Robotics_MIT/Labs/Lab3/src/catkin_ws/devel/share/roseus/ros/tesse_ros_bridge/msg/CollisionStats.l
Symlinking /Users/stanley/Documents/COURSE/PROGRAMME/C_Family/Robotics_MIT/Labs/Lab3/src/catkin_ws/devel/share/roseus/ros/tesse_ros_bridge/srv/RepositionRequestService.l
Symlinking /Users/stanley/Documents/COURSE/PROGRAMME/C_Family/Robotics_MIT/Labs/Lab3/src/catkin_ws/devel/share/roseus/ros/tesse_ros_bridge/srv/ObjectSpawnRequestService.l
Symlinking /Users/stanley/Documents/COURSE/PROGRAMME/C_Family/Robotics_MIT/Labs/Lab3/src/catkin_ws/devel/share/roseus/ros/tesse_ros_bridge/srv/SceneRequestService.l
Symlinking /Users/stanley/Documents/COURSE/PROGRAMME/C_Family/Robotics_MIT/Labs/Lab3/src/catkin_ws/devel/share/tesse_ros_bridge/cmake/tesse_ros_bridge-msg-extras.cmake
Symlinking /Users/stanley/Documents/COURSE/PROGRAMME/C_Family/Robotics_MIT/Labs/Lab3/src/catkin_ws/devel/share/tesse_ros_bridge/cmake/tesse_ros_bridge-msg-paths.cmake
Symlinking /Users/stanley/Documents/COURSE/PROGRAMME/C_Family/Robotics_MIT/Labs/Lab3/src/catkin_ws/devel/share/tesse_ros_bridge/cmake/tesse_ros_bridgeConfig.cmake
Symlinking /Users/stanley/Documents/COURSE/PROGRAMME/C_Family/Robotics_MIT/Labs/Lab3/src/catkin_ws/devel/share/tesse_ros_bridge/cmake/tesse_ros_bridgeConfig-version.cmake
Symlinking /Users/stanley/Documents/COURSE/PROGRAMME/C_Family/Robotics_MIT/Labs/Lab3/src/catkin_ws/devel/share/common-lisp/ros/tesse_ros_bridge/msg/_package_CollisionStats.lisp
Symlinking /Users/stanley/Documents/COURSE/PROGRAMME/C_Family/Robotics_MIT/Labs/Lab3/src/catkin_ws/devel/share/common-lisp/ros/tesse_ros_bridge/msg/_package.lisp
Symlinking /Users/stanley/Documents/COURSE/PROGRAMME/C_Family/Robotics_MIT/Labs/Lab3/src/catkin_ws/devel/share/common-lisp/ros/tesse_ros_bridge/msg/CollisionStats.lisp
Symlinking /Users/stanley/Documents/COURSE/PROGRAMME/C_Family/Robotics_MIT/Labs/Lab3/src/catkin_ws/devel/share/common-lisp/ros/tesse_ros_bridge/msg/tesse_ros_bridge-msg.asd
Symlinking /Users/stanley/Documents/COURSE/PROGRAMME/C_Family/Robotics_MIT/Labs/Lab3/src/catkin_ws/devel/share/common-lisp/ros/tesse_ros_bridge/srv/_package_RepositionRequestService.lisp
Symlinking /Users/stanley/Documents/COURSE/PROGRAMME/C_Family/Robotics_MIT/Labs/Lab3/src/catkin_ws/devel/share/common-lisp/ros/tesse_ros_bridge/srv/SceneRequestService.lisp
Symlinking /Users/stanley/Documents/COURSE/PROGRAMME/C_Family/Robotics_MIT/Labs/Lab3/src/catkin_ws/devel/share/common-lisp/ros/tesse_ros_bridge/srv/_package_SceneRequestService.lisp
Symlinking /Users/stanley/Documents/COURSE/PROGRAMME/C_Family/Robotics_MIT/Labs/Lab3/src/catkin_ws/devel/share/common-lisp/ros/tesse_ros_bridge/srv/ObjectSpawnRequestService.lisp
Symlinking /Users/stanley/Documents/COURSE/PROGRAMME/C_Family/Robotics_MIT/Labs/Lab3/src/catkin_ws/devel/share/common-lisp/ros/tesse_ros_bridge/srv/_package.lisp
Symlinking /Users/stanley/Documents/COURSE/PROGRAMME/C_Family/Robotics_MIT/Labs/Lab3/src/catkin_ws/devel/share/common-lisp/ros/tesse_ros_bridge/srv/tesse_ros_bridge-srv.asd
Symlinking /Users/stanley/Documents/COURSE/PROGRAMME/C_Family/Robotics_MIT/Labs/Lab3/src/catkin_ws/devel/share/common-lisp/ros/tesse_ros_bridge/srv/_package_ObjectSpawnRequestService.lisp
Symlinking /Users/stanley/Documents/COURSE/PROGRAMME/C_Family/Robotics_MIT/Labs/Lab3/src/catkin_ws/devel/share/common-lisp/ros/tesse_ros_bridge/srv/RepositionRequestService.lisp
Symlinking /Users/stanley/Documents/COURSE/PROGRAMME/C_Family/Robotics_MIT/Labs/Lab3/src/catkin_ws/devel/share/gennodejs/ros/tesse_ros_bridge/_index.js
Symlinking /Users/stanley/Documents/COURSE/PROGRAMME/C_Family/Robotics_MIT/Labs/Lab3/src/catkin_ws/devel/share/gennodejs/ros/tesse_ros_bridge/msg/_index.js
Symlinking /Users/stanley/Documents/COURSE/PROGRAMME/C_Family/Robotics_MIT/Labs/Lab3/src/catkin_ws/devel/share/gennodejs/ros/tesse_ros_bridge/msg/CollisionStats.js
Symlinking /Users/stanley/Documents/COURSE/PROGRAMME/C_Family/Robotics_MIT/Labs/Lab3/src/catkin_ws/devel/share/gennodejs/ros/tesse_ros_bridge/srv/_index.js
Symlinking /Users/stanley/Documents/COURSE/PROGRAMME/C_Family/Robotics_MIT/Labs/Lab3/src/catkin_ws/devel/share/gennodejs/ros/tesse_ros_bridge/srv/RepositionRequestService.js
Symlinking /Users/stanley/Documents/COURSE/PROGRAMME/C_Family/Robotics_MIT/Labs/Lab3/src/catkin_ws/devel/share/gennodejs/ros/tesse_ros_bridge/srv/ObjectSpawnRequestService.js
Symlinking /Users/stanley/Documents/COURSE/PROGRAMME/C_Family/Robotics_MIT/Labs/Lab3/src/catkin_ws/devel/share/gennodejs/ros/tesse_ros_bridge/srv/SceneRequestService.js
